<?xml version="1.0" encoding="UTF-8"?>
<!-- Generated by org.testng.reporters.JUnitReportReporter -->
<testsuite skipped="0" hostname="LAPTOP-C272DD49" name="com.test.UserTest" tests="1" failures="0" timestamp="26 Mar 2022 07:13:00 GMT" time="3.384" errors="0">
  <testcase name="test01" time="3.384" classname="com.test.UserTest"/>
</testsuite> <!-- com.test.UserTest -->
